./src/client/handler.c:75: MAJOR:C-C1
./src/client/handler.c:86: MAJOR:C-F4
./src/commands/ai/broadcast.c:71: MAJOR:C-L1
./src/commands/ai/connector.c:20: MAJOR:C-L1
./src/commands/ai/eject.c:51: MAJOR:C-L1
./src/commands/ai/look.c:47: MAJOR:C-L1
./src/commands/handler.c:11: MINOR:C-L2
./src/commands/handler.c:12: MINOR:C-L2
./src/commands/handler.c:13: MINOR:C-L2
./src/commands/handler.c:14: MINOR:C-L2
./src/commands/handler.c:15: MINOR:C-L2
./src/commands/handler.c:16: MINOR:C-L2
./src/commands/handler.c:17: MINOR:C-L2
./src/commands/handler.c:18: MINOR:C-L2
./src/commands/handler.c:19: MINOR:C-L2
./src/commands/handler.c:23: MINOR:C-L2
./src/commands/handler.c:24: MINOR:C-L2
./src/commands/handler.c:25: MINOR:C-L2
./src/commands/handler.c:26: MINOR:C-L2
./src/commands/handler.c:27: MINOR:C-L2
./src/commands/handler.c:28: MINOR:C-L2
./src/commands/handler.c:29: MINOR:C-L2
./src/commands/handler.c:30: MINOR:C-L2
./src/commands/handler.c:31: MINOR:C-L2
./src/commands/handler.c:32: MINOR:C-L2
./src/commands/handler.c:33: MINOR:C-L2
./src/commands/handler.c:34: MINOR:C-L2
./src/commands/handler.c:47: MAJOR:C-F3
./src/server.c:133: MAJOR:C-L1
./src/teams.c:63: MAJOR:C-L1
./src/teams.c:64: MAJOR:C-C2
./src/teams.c:65: MAJOR:C-C2
./src/teams.c:66: MAJOR:C-C2
./src/teams.c:67: MAJOR:C-C2
./src/teams.c:68: MAJOR:C-C2
./src/teams.c:69: MAJOR:C-C2
./src/teams.c:70: MAJOR:C-C2
./src/teams.c:71: MAJOR:C-C2
./src/teams.c:73: MAJOR:C-C2
./src/utils/teams.c:32: MAJOR:C-L1
